1. A meeting was conducted, and our doubts were cleared.

2. A new development task was assigned to extract the following fields from the site 
   https://www.remax.com/:

        first_name
        middle_name
        last_name
        office_name
        title
        description
        languages
        image_url
        address
        city
        state
        country
        zipcode
        office_phone_numbers
        agent_phone_numbers
        email
        website
        social
        profile_url

3. Task Status:

   - Crawling is in progress; extracted 14 fields of all agents from the listing page.
   - Pagination has also been completed.